[2022-03-13T16:40:53+08:00][sql] CONNECT:[ UseTime:0.000936s ] mysql:host=127.0.0.1;port=3306;dbname=tgtj;charset=utf8
[2022-03-13T16:40:53+08:00][sql] SHOW FULL COLUMNS FROM `cd_group` [ RunTime:0.002345s ]
[2022-03-13T16:40:53+08:00][sql] SELECT * FROM `cd_group` WHERE  `tg_groupid` = '-1001559712895' LIMIT 1 [ RunTime:0.001418s ]
[2022-03-13T16:40:53+08:00][sql] UPDATE `cd_group`  SET `name` = '机器人'  WHERE  `tg_groupid` = '-1001559712895' [ RunTime:0.024678s ]
[2022-03-13T16:40:53+08:00][sql] SHOW FULL COLUMNS FROM `cd_user` [ RunTime:0.001465s ]
[2022-03-13T16:40:53+08:00][sql] SELECT * FROM `cd_user` WHERE  `tguid` = '5024888949' LIMIT 1 [ RunTime:0.001379s ]
[2022-03-13T16:40:53+08:00][sql] UPDATE `cd_user`  SET `tgname` = 'dssss'  WHERE  `tguid` = '5024888949' [ RunTime:0.021435s ]
[2022-03-13T16:40:53+08:00][sql] SHOW FULL COLUMNS FROM `cd_order` [ RunTime:0.001934s ]
[2022-03-13T16:40:53+08:00][sql] SELECT COUNT(*) AS think_count FROM `cd_order` WHERE  `rltime` BETWEEN 1647014400 AND 1647100799  AND `group_id` = '-1001559712895'  AND `zd` = 0  AND `dj` = 0  AND `rl` = 1 LIMIT 1 [ RunTime:0.001040s ]
[2022-03-13T16:40:53+08:00][sql] SELECT SUM(`amount`) AS think_sum FROM `cd_order` WHERE  `rltime` BETWEEN 1647014400 AND 1647100799  AND `group_id` = '-1001559712895'  AND `zd` = 0  AND `dj` = 0  AND `rl` = 1 LIMIT 1 [ RunTime:0.000639s ]
[2022-03-13T16:40:53+08:00][sql] SELECT COUNT(*) AS think_count FROM `cd_order` WHERE  `rltime` BETWEEN 1647014400 AND 1647100799  AND `group_id` = '-1001559712895'  AND `zd` = 0  AND `dj` = 1  AND `rl` = 1 LIMIT 1 [ RunTime:0.001309s ]
[2022-03-13T16:40:53+08:00][sql] SELECT SUM(`amount`) AS think_sum FROM `cd_order` WHERE  `rltime` BETWEEN 1647014400 AND 1647100799  AND `group_id` = '-1001559712895'  AND `zd` = 0  AND `dj` = 1  AND `rl` = 1 LIMIT 1 [ RunTime:0.000608s ]
[2022-03-13T16:40:53+08:00][sql] SELECT COUNT(*) AS think_count FROM `cd_order` WHERE  `rltime` BETWEEN 1647014400 AND 1647100799  AND `group_id` = '-1001559712895'  AND `zd` = 1  AND `dj` = 0  AND `rl` = 1 LIMIT 1 [ RunTime:0.000679s ]
[2022-03-13T16:40:53+08:00][sql] SELECT SUM(`amount`) AS think_sum FROM `cd_order` WHERE  `rltime` BETWEEN 1647014400 AND 1647100799  AND `group_id` = '-1001559712895'  AND `zd` = 1  AND `dj` = 0  AND `rl` = 1 LIMIT 1 [ RunTime:0.000772s ]
[2022-03-13T16:40:53+08:00][sql] SELECT COUNT(*) AS think_count FROM `cd_order` WHERE  `rltime` BETWEEN 1647014400 AND 1647100799  AND `group_id` = '-1001559712895'  AND `zd` = 1  AND `dj` = 1  AND `rl` = 1 LIMIT 1 [ RunTime:0.000692s ]
[2022-03-13T16:40:53+08:00][sql] SELECT SUM(`amount`) AS think_sum FROM `cd_order` WHERE  `rltime` BETWEEN 1647014400 AND 1647100799  AND `group_id` = '-1001559712895'  AND `zd` = 1  AND `dj` = 1  AND `rl` = 1 LIMIT 1 [ RunTime:0.000519s ]
[2022-03-13T16:40:53+08:00][sql] SELECT * FROM `cd_user` [ RunTime:0.000452s ]
[2022-03-13T16:40:53+08:00][sql] SHOW FULL COLUMNS FROM `cd_base_config` [ RunTime:0.001082s ]
[2022-03-13T16:40:53+08:00][sql] SELECT * FROM `cd_base_config` WHERE  `name` = 'domain' LIMIT 1 [ RunTime:0.000513s ]
[2022-03-13T16:40:53+08:00][sql] SHOW FULL COLUMNS FROM `cd_robotconfig` [ RunTime:0.000905s ]
[2022-03-13T16:40:53+08:00][sql] SELECT * FROM `cd_robotconfig` WHERE  `name` = 'token' LIMIT 1 [ RunTime:0.001039s ]
[2022-03-13T16:41:02+08:00][sql] CONNECT:[ UseTime:0.001146s ] mysql:host=127.0.0.1;port=3306;dbname=tgtj;charset=utf8
[2022-03-13T16:41:02+08:00][sql] SHOW FULL COLUMNS FROM `cd_order` [ RunTime:0.001377s ]
[2022-03-13T16:41:02+08:00][sql] SELECT COUNT(*) AS think_count FROM `cd_order` WHERE  `rltime` BETWEEN 1647014400 AND 1647100799  AND `group_id` = '-1001559712895'  AND `zd` = 0  AND `dj` = 0  AND `rl` = 1 LIMIT 1 [ RunTime:0.000723s ]
[2022-03-13T16:41:02+08:00][sql] SELECT SUM(`amount`) AS think_sum FROM `cd_order` WHERE  `rltime` BETWEEN 1647014400 AND 1647100799  AND `group_id` = '-1001559712895'  AND `zd` = 0  AND `dj` = 0  AND `rl` = 1 LIMIT 1 [ RunTime:0.000535s ]
[2022-03-13T16:41:02+08:00][sql] SELECT COUNT(*) AS think_count FROM `cd_order` WHERE  `rltime` BETWEEN 1647014400 AND 1647100799  AND `group_id` = '-1001559712895'  AND `zd` = 0  AND `dj` = 1  AND `rl` = 1 LIMIT 1 [ RunTime:0.003918s ]
[2022-03-13T16:41:02+08:00][sql] SELECT SUM(`amount`) AS think_sum FROM `cd_order` WHERE  `rltime` BETWEEN 1647014400 AND 1647100799  AND `group_id` = '-1001559712895'  AND `zd` = 0  AND `dj` = 1  AND `rl` = 1 LIMIT 1 [ RunTime:0.000439s ]
[2022-03-13T16:41:02+08:00][sql] SELECT COUNT(*) AS think_count FROM `cd_order` WHERE  `rltime` BETWEEN 1647014400 AND 1647100799  AND `group_id` = '-1001559712895'  AND `zd` = 1  AND `dj` = 0  AND `rl` = 1 LIMIT 1 [ RunTime:0.000436s ]
[2022-03-13T16:41:02+08:00][sql] SELECT SUM(`amount`) AS think_sum FROM `cd_order` WHERE  `rltime` BETWEEN 1647014400 AND 1647100799  AND `group_id` = '-1001559712895'  AND `zd` = 1  AND `dj` = 0  AND `rl` = 1 LIMIT 1 [ RunTime:0.000574s ]
[2022-03-13T16:41:02+08:00][sql] SELECT COUNT(*) AS think_count FROM `cd_order` WHERE  `rltime` BETWEEN 1647014400 AND 1647100799  AND `group_id` = '-1001559712895'  AND `zd` = 1  AND `dj` = 1  AND `rl` = 1 LIMIT 1 [ RunTime:0.000517s ]
[2022-03-13T16:41:02+08:00][sql] SELECT SUM(`amount`) AS think_sum FROM `cd_order` WHERE  `rltime` BETWEEN 1647014400 AND 1647100799  AND `group_id` = '-1001559712895'  AND `zd` = 1  AND `dj` = 1  AND `rl` = 1 LIMIT 1 [ RunTime:0.000430s ]
[2022-03-13T16:41:02+08:00][sql] SELECT * FROM `cd_order` WHERE  `rltime` BETWEEN 1647014400 AND 1647100799  AND `group_id` = '-1001559712895'  AND `rl` = 1 [ RunTime:0.000672s ]
[2022-03-13T16:41:02+08:00][sql] SHOW FULL COLUMNS FROM `cd_user` [ RunTime:0.001124s ]
[2022-03-13T16:41:02+08:00][sql] SELECT * FROM `cd_user` [ RunTime:0.000318s ]
[2022-03-13T16:45:12+08:00][sql] CONNECT:[ UseTime:0.002523s ] mysql:host=127.0.0.1;port=3306;dbname=tgtj;charset=utf8
[2022-03-13T16:45:12+08:00][sql] SHOW FULL COLUMNS FROM `cd_group` [ RunTime:0.004366s ]
[2022-03-13T16:45:12+08:00][sql] SELECT * FROM `cd_group` WHERE  `tg_groupid` = '-1001559712895' LIMIT 1 [ RunTime:0.002448s ]
[2022-03-13T16:45:12+08:00][sql] UPDATE `cd_group`  SET `name` = '机器人'  WHERE  `tg_groupid` = '-1001559712895' [ RunTime:0.036070s ]
[2022-03-13T16:45:12+08:00][sql] SHOW FULL COLUMNS FROM `cd_user` [ RunTime:0.001516s ]
[2022-03-13T16:45:12+08:00][sql] SELECT * FROM `cd_user` WHERE  `tguid` = '5024888949' LIMIT 1 [ RunTime:0.000835s ]
[2022-03-13T16:45:12+08:00][sql] UPDATE `cd_user`  SET `tgname` = 'dssss'  WHERE  `tguid` = '5024888949' [ RunTime:0.017481s ]
[2022-03-13T16:45:12+08:00][sql] SHOW FULL COLUMNS FROM `cd_order` [ RunTime:0.003155s ]
[2022-03-13T16:45:12+08:00][sql] SELECT * FROM `cd_order` WHERE  `accname` = '吕乾坤 '  AND `amount` = '1000'  AND `rl` = 0 ORDER BY `id` DESC LIMIT 1 [ RunTime:0.002997s ]
[2022-03-13T16:45:12+08:00][sql] UPDATE `cd_order`  SET `group_id` = '-1001559712895' , `group_name` = '机器人' , `tgid` = '5024888949' , `tgname` = 'dssss' , `rl` = 1 , `rltime` = 1647161111  WHERE  `id` = 272 [ RunTime:0.049444s ]
[2022-03-13T16:45:12+08:00][sql] SHOW FULL COLUMNS FROM `cd_robotconfig` [ RunTime:0.001447s ]
[2022-03-13T16:45:12+08:00][sql] SELECT * FROM `cd_robotconfig` WHERE  `name` = 'token' LIMIT 1 [ RunTime:0.000562s ]
[2022-03-13T16:45:21+08:00][sql] CONNECT:[ UseTime:0.001145s ] mysql:host=127.0.0.1;port=3306;dbname=tgtj;charset=utf8
[2022-03-13T16:45:21+08:00][sql] SHOW FULL COLUMNS FROM `cd_group` [ RunTime:0.001519s ]
[2022-03-13T16:45:21+08:00][sql] SELECT * FROM `cd_group` WHERE  `tg_groupid` = '-1001723174174' LIMIT 1 [ RunTime:0.001020s ]
[2022-03-13T16:45:21+08:00][sql] UPDATE `cd_group`  SET `name` = '机器人'  WHERE  `tg_groupid` = '-1001723174174' [ RunTime:0.032303s ]
[2022-03-13T16:45:21+08:00][sql] SHOW FULL COLUMNS FROM `cd_user` [ RunTime:0.001618s ]
[2022-03-13T16:45:21+08:00][sql] SELECT * FROM `cd_user` WHERE  `tguid` = '5031658788' LIMIT 1 [ RunTime:0.000519s ]
[2022-03-13T16:45:21+08:00][sql] UPDATE `cd_user`  SET `tgname` = 'TYGC'  WHERE  `tguid` = '5031658788' [ RunTime:0.016662s ]
[2022-03-13T16:45:33+08:00][sql] CONNECT:[ UseTime:0.003201s ] mysql:host=127.0.0.1;port=3306;dbname=tgtj;charset=utf8
[2022-03-13T16:45:33+08:00][sql] SHOW FULL COLUMNS FROM `cd_group` [ RunTime:0.002364s ]
[2022-03-13T16:45:33+08:00][sql] SELECT * FROM `cd_group` WHERE  `tg_groupid` = '-1001559712895' LIMIT 1 [ RunTime:0.002002s ]
[2022-03-13T16:45:33+08:00][sql] UPDATE `cd_group`  SET `name` = '机器人'  WHERE  `tg_groupid` = '-1001559712895' [ RunTime:0.025238s ]
[2022-03-13T16:45:33+08:00][sql] SHOW FULL COLUMNS FROM `cd_user` [ RunTime:0.001371s ]
[2022-03-13T16:45:33+08:00][sql] SELECT * FROM `cd_user` WHERE  `tguid` = '5024888949' LIMIT 1 [ RunTime:0.000935s ]
[2022-03-13T16:45:33+08:00][sql] UPDATE `cd_user`  SET `tgname` = 'dssss'  WHERE  `tguid` = '5024888949' [ RunTime:0.022932s ]
[2022-03-13T16:45:33+08:00][sql] SHOW FULL COLUMNS FROM `cd_order` [ RunTime:0.002325s ]
[2022-03-13T16:45:33+08:00][sql] SELECT * FROM `cd_order` WHERE  `accname` = '蒋涛'  AND `amount` = '300'  AND `rl` = 0 ORDER BY `id` DESC LIMIT 1 [ RunTime:0.000840s ]
[2022-03-13T16:45:33+08:00][sql] UPDATE `cd_order`  SET `group_id` = '-1001559712895' , `group_name` = '机器人' , `tgid` = '5024888949' , `tgname` = 'dssss' , `rl` = 1 , `rltime` = 1647161132  WHERE  `id` = 271 [ RunTime:0.032192s ]
[2022-03-13T16:45:33+08:00][sql] SHOW FULL COLUMNS FROM `cd_robotconfig` [ RunTime:0.001410s ]
[2022-03-13T16:45:33+08:00][sql] SELECT * FROM `cd_robotconfig` WHERE  `name` = 'token' LIMIT 1 [ RunTime:0.000520s ]
[2022-03-13T16:45:38+08:00][sql] CONNECT:[ UseTime:0.004685s ] mysql:host=127.0.0.1;port=3306;dbname=tgtj;charset=utf8
[2022-03-13T16:45:38+08:00][sql] SHOW FULL COLUMNS FROM `cd_group` [ RunTime:0.001325s ]
[2022-03-13T16:45:38+08:00][sql] SELECT * FROM `cd_group` WHERE  `tg_groupid` = '-1001559712895' LIMIT 1 [ RunTime:0.002508s ]
[2022-03-13T16:45:38+08:00][sql] UPDATE `cd_group`  SET `name` = '机器人'  WHERE  `tg_groupid` = '-1001559712895' [ RunTime:0.030545s ]
[2022-03-13T16:45:38+08:00][sql] SHOW FULL COLUMNS FROM `cd_user` [ RunTime:0.001522s ]
[2022-03-13T16:45:38+08:00][sql] SELECT * FROM `cd_user` WHERE  `tguid` = '5024888949' LIMIT 1 [ RunTime:0.000689s ]
[2022-03-13T16:45:38+08:00][sql] UPDATE `cd_user`  SET `tgname` = 'dssss'  WHERE  `tguid` = '5024888949' [ RunTime:0.016930s ]
[2022-03-13T16:45:38+08:00][sql] SHOW FULL COLUMNS FROM `cd_order` [ RunTime:0.001734s ]
[2022-03-13T16:45:38+08:00][sql] SELECT COUNT(*) AS think_count FROM `cd_order` WHERE  `rltime` BETWEEN 1647100800 AND 1647187199  AND `group_id` = '-1001559712895'  AND `tgid` = '5024888949'  AND `zd` = 0  AND `dj` = 0  AND `rl` = 1 LIMIT 1 [ RunTime:0.002581s ]
[2022-03-13T16:45:38+08:00][sql] SELECT SUM(`amount`) AS think_sum FROM `cd_order` WHERE  `rltime` BETWEEN 1647100800 AND 1647187199  AND `group_id` = '-1001559712895'  AND `tgid` = '5024888949'  AND `zd` = 0  AND `dj` = 0  AND `rl` = 1 LIMIT 1 [ RunTime:0.000994s ]
[2022-03-13T16:45:38+08:00][sql] SELECT COUNT(*) AS think_count FROM `cd_order` WHERE  `rltime` BETWEEN 1647100800 AND 1647187199  AND `group_id` = '-1001559712895'  AND `tgid` = '5024888949'  AND `zd` = 0  AND `dj` = 1  AND `rl` = 1 LIMIT 1 [ RunTime:0.001786s ]
[2022-03-13T16:45:38+08:00][sql] SELECT SUM(`amount`) AS think_sum FROM `cd_order` WHERE  `rltime` BETWEEN 1647100800 AND 1647187199  AND `group_id` = '-1001559712895'  AND `tgid` = '5024888949'  AND `zd` = 0  AND `dj` = 1  AND `rl` = 1 LIMIT 1 [ RunTime:0.000618s ]
[2022-03-13T16:45:38+08:00][sql] SELECT COUNT(*) AS think_count FROM `cd_order` WHERE  `rltime` BETWEEN 1647100800 AND 1647187199  AND `group_id` = '-1001559712895'  AND `tgid` = '5024888949'  AND `zd` = 1  AND `dj` = 0  AND `rl` = 1 LIMIT 1 [ RunTime:0.000684s ]
[2022-03-13T16:45:38+08:00][sql] SELECT SUM(`amount`) AS think_sum FROM `cd_order` WHERE  `rltime` BETWEEN 1647100800 AND 1647187199  AND `group_id` = '-1001559712895'  AND `tgid` = '5024888949'  AND `zd` = 1  AND `dj` = 0  AND `rl` = 1 LIMIT 1 [ RunTime:0.000917s ]
[2022-03-13T16:45:38+08:00][sql] SELECT COUNT(*) AS think_count FROM `cd_order` WHERE  `rltime` BETWEEN 1647100800 AND 1647187199  AND `group_id` = '-1001559712895'  AND `tgid` = '5024888949'  AND `zd` = 1  AND `dj` = 1  AND `rl` = 1 LIMIT 1 [ RunTime:0.000715s ]
[2022-03-13T16:45:38+08:00][sql] SELECT SUM(`amount`) AS think_sum FROM `cd_order` WHERE  `rltime` BETWEEN 1647100800 AND 1647187199  AND `group_id` = '-1001559712895'  AND `tgid` = '5024888949'  AND `zd` = 1  AND `dj` = 1  AND `rl` = 1 LIMIT 1 [ RunTime:0.000875s ]
[2022-03-13T16:45:38+08:00][sql] SHOW FULL COLUMNS FROM `cd_robotconfig` [ RunTime:0.001132s ]
[2022-03-13T16:45:38+08:00][sql] SELECT * FROM `cd_robotconfig` WHERE  `name` = 'token' LIMIT 1 [ RunTime:0.000607s ]
[2022-03-13T16:45:43+08:00][sql] CONNECT:[ UseTime:0.000877s ] mysql:host=127.0.0.1;port=3306;dbname=tgtj;charset=utf8
[2022-03-13T16:45:43+08:00][sql] SHOW FULL COLUMNS FROM `cd_group` [ RunTime:0.001183s ]
[2022-03-13T16:45:43+08:00][sql] SELECT * FROM `cd_group` WHERE  `tg_groupid` = '-1001559712895' LIMIT 1 [ RunTime:0.000400s ]
[2022-03-13T16:45:43+08:00][sql] UPDATE `cd_group`  SET `name` = '机器人'  WHERE  `tg_groupid` = '-1001559712895' [ RunTime:0.034332s ]
[2022-03-13T16:45:43+08:00][sql] SHOW FULL COLUMNS FROM `cd_user` [ RunTime:0.001257s ]
[2022-03-13T16:45:43+08:00][sql] SELECT * FROM `cd_user` WHERE  `tguid` = '5024888949' LIMIT 1 [ RunTime:0.000428s ]
[2022-03-13T16:45:43+08:00][sql] UPDATE `cd_user`  SET `tgname` = 'dssss'  WHERE  `tguid` = '5024888949' [ RunTime:0.037123s ]
[2022-03-13T16:45:43+08:00][sql] SHOW FULL COLUMNS FROM `cd_order` [ RunTime:0.001332s ]
[2022-03-13T16:45:43+08:00][sql] SELECT COUNT(*) AS think_count FROM `cd_order` WHERE  `rltime` BETWEEN 1647100800 AND 1647187199  AND `group_id` = '-1001559712895'  AND `zd` = 0  AND `dj` = 0  AND `rl` = 1 LIMIT 1 [ RunTime:0.000711s ]
[2022-03-13T16:45:43+08:00][sql] SELECT SUM(`amount`) AS think_sum FROM `cd_order` WHERE  `rltime` BETWEEN 1647100800 AND 1647187199  AND `group_id` = '-1001559712895'  AND `zd` = 0  AND `dj` = 0  AND `rl` = 1 LIMIT 1 [ RunTime:0.000704s ]
[2022-03-13T16:45:43+08:00][sql] SELECT COUNT(*) AS think_count FROM `cd_order` WHERE  `rltime` BETWEEN 1647100800 AND 1647187199  AND `group_id` = '-1001559712895'  AND `zd` = 0  AND `dj` = 1  AND `rl` = 1 LIMIT 1 [ RunTime:0.000746s ]
[2022-03-13T16:45:43+08:00][sql] SELECT SUM(`amount`) AS think_sum FROM `cd_order` WHERE  `rltime` BETWEEN 1647100800 AND 1647187199  AND `group_id` = '-1001559712895'  AND `zd` = 0  AND `dj` = 1  AND `rl` = 1 LIMIT 1 [ RunTime:0.000630s ]
[2022-03-13T16:45:43+08:00][sql] SELECT COUNT(*) AS think_count FROM `cd_order` WHERE  `rltime` BETWEEN 1647100800 AND 1647187199  AND `group_id` = '-1001559712895'  AND `zd` = 1  AND `dj` = 0  AND `rl` = 1 LIMIT 1 [ RunTime:0.002114s ]
[2022-03-13T16:45:43+08:00][sql] SELECT SUM(`amount`) AS think_sum FROM `cd_order` WHERE  `rltime` BETWEEN 1647100800 AND 1647187199  AND `group_id` = '-1001559712895'  AND `zd` = 1  AND `dj` = 0  AND `rl` = 1 LIMIT 1 [ RunTime:0.001853s ]
[2022-03-13T16:45:43+08:00][sql] SELECT COUNT(*) AS think_count FROM `cd_order` WHERE  `rltime` BETWEEN 1647100800 AND 1647187199  AND `group_id` = '-1001559712895'  AND `zd` = 1  AND `dj` = 1  AND `rl` = 1 LIMIT 1 [ RunTime:0.000825s ]
[2022-03-13T16:45:43+08:00][sql] SELECT SUM(`amount`) AS think_sum FROM `cd_order` WHERE  `rltime` BETWEEN 1647100800 AND 1647187199  AND `group_id` = '-1001559712895'  AND `zd` = 1  AND `dj` = 1  AND `rl` = 1 LIMIT 1 [ RunTime:0.000758s ]
[2022-03-13T16:45:43+08:00][sql] SELECT * FROM `cd_user` [ RunTime:0.000455s ]
[2022-03-13T16:45:43+08:00][sql] SELECT SUM(`amount`) AS think_sum FROM `cd_order` WHERE  `rltime` BETWEEN 1647100800 AND 1647187199  AND `group_id` = '-1001559712895'  AND `tgid` = '5031658788'  AND `rl` = 1  AND `dj` = 0 LIMIT 1 [ RunTime:0.000615s ]
[2022-03-13T16:45:43+08:00][sql] SELECT SUM(`amount`) AS think_sum FROM `cd_order` WHERE  `rltime` BETWEEN 1647100800 AND 1647187199  AND `group_id` = '-1001559712895'  AND `tgid` = '5031658788'  AND `rl` = 1  AND `dj` = 1 LIMIT 1 [ RunTime:0.000543s ]
[2022-03-13T16:45:43+08:00][sql] SELECT SUM(`amount`) AS think_sum FROM `cd_order` WHERE  `rltime` BETWEEN 1647100800 AND 1647187199  AND `group_id` = '-1001559712895'  AND `tgid` = '1963216999'  AND `rl` = 1  AND `dj` = 0 LIMIT 1 [ RunTime:0.000651s ]
[2022-03-13T16:45:43+08:00][sql] SELECT SUM(`amount`) AS think_sum FROM `cd_order` WHERE  `rltime` BETWEEN 1647100800 AND 1647187199  AND `group_id` = '-1001559712895'  AND `tgid` = '1963216999'  AND `rl` = 1  AND `dj` = 1 LIMIT 1 [ RunTime:0.000592s ]
[2022-03-13T16:45:43+08:00][sql] SELECT SUM(`amount`) AS think_sum FROM `cd_order` WHERE  `rltime` BETWEEN 1647100800 AND 1647187199  AND `group_id` = '-1001559712895'  AND `tgid` = '5242882575'  AND `rl` = 1  AND `dj` = 0 LIMIT 1 [ RunTime:0.000624s ]
[2022-03-13T16:45:43+08:00][sql] SELECT SUM(`amount`) AS think_sum FROM `cd_order` WHERE  `rltime` BETWEEN 1647100800 AND 1647187199  AND `group_id` = '-1001559712895'  AND `tgid` = '5242882575'  AND `rl` = 1  AND `dj` = 1 LIMIT 1 [ RunTime:0.000819s ]
[2022-03-13T16:45:43+08:00][sql] SELECT SUM(`amount`) AS think_sum FROM `cd_order` WHERE  `rltime` BETWEEN 1647100800 AND 1647187199  AND `group_id` = '-1001559712895'  AND `tgid` = '5024888949'  AND `rl` = 1  AND `dj` = 0 LIMIT 1 [ RunTime:0.001057s ]
[2022-03-13T16:45:43+08:00][sql] SELECT SUM(`amount`) AS think_sum FROM `cd_order` WHERE  `rltime` BETWEEN 1647100800 AND 1647187199  AND `group_id` = '-1001559712895'  AND `tgid` = '5024888949'  AND `rl` = 1  AND `dj` = 1 LIMIT 1 [ RunTime:0.000714s ]
[2022-03-13T16:45:43+08:00][sql] SELECT SUM(`amount`) AS think_sum FROM `cd_order` WHERE  `rltime` BETWEEN 1647100800 AND 1647187199  AND `group_id` = '-1001559712895'  AND `tgid` = '2125300408'  AND `rl` = 1  AND `dj` = 0 LIMIT 1 [ RunTime:0.001990s ]
[2022-03-13T16:45:43+08:00][sql] SELECT SUM(`amount`) AS think_sum FROM `cd_order` WHERE  `rltime` BETWEEN 1647100800 AND 1647187199  AND `group_id` = '-1001559712895'  AND `tgid` = '2125300408'  AND `rl` = 1  AND `dj` = 1 LIMIT 1 [ RunTime:0.000931s ]
[2022-03-13T16:45:43+08:00][sql] SHOW FULL COLUMNS FROM `cd_base_config` [ RunTime:0.003601s ]
[2022-03-13T16:45:43+08:00][sql] SELECT * FROM `cd_base_config` WHERE  `name` = 'domain' LIMIT 1 [ RunTime:0.007161s ]
[2022-03-13T16:45:43+08:00][sql] SHOW FULL COLUMNS FROM `cd_robotconfig` [ RunTime:0.001235s ]
[2022-03-13T16:45:43+08:00][sql] SELECT * FROM `cd_robotconfig` WHERE  `name` = 'token' LIMIT 1 [ RunTime:0.000567s ]
[2022-03-13T16:46:11+08:00][sql] CONNECT:[ UseTime:0.001113s ] mysql:host=127.0.0.1;port=3306;dbname=tgtj;charset=utf8
[2022-03-13T16:46:11+08:00][sql] SHOW FULL COLUMNS FROM `cd_group` [ RunTime:0.007162s ]
[2022-03-13T16:46:11+08:00][sql] SELECT * FROM `cd_group` WHERE  `tg_groupid` = '-1001723174174' LIMIT 1 [ RunTime:0.003235s ]
[2022-03-13T16:46:11+08:00][sql] UPDATE `cd_group`  SET `name` = '机器人'  WHERE  `tg_groupid` = '-1001723174174' [ RunTime:0.057150s ]
[2022-03-13T16:46:11+08:00][sql] SHOW FULL COLUMNS FROM `cd_user` [ RunTime:0.001240s ]
[2022-03-13T16:46:11+08:00][sql] SELECT * FROM `cd_user` WHERE  `tguid` = '5031658788' LIMIT 1 [ RunTime:0.000465s ]
[2022-03-13T16:46:11+08:00][sql] UPDATE `cd_user`  SET `tgname` = 'TYGC'  WHERE  `tguid` = '5031658788' [ RunTime:0.041800s ]
[2022-03-13T16:50:53+08:00][sql] CONNECT:[ UseTime:0.001294s ] mysql:host=127.0.0.1;port=3306;dbname=tgtj;charset=utf8
[2022-03-13T16:50:53+08:00][sql] SHOW FULL COLUMNS FROM `cd_group` [ RunTime:0.001354s ]
[2022-03-13T16:50:53+08:00][sql] SELECT * FROM `cd_group` WHERE  `tg_groupid` = '-1001723174174' LIMIT 1 [ RunTime:0.000693s ]
[2022-03-13T16:50:53+08:00][sql] UPDATE `cd_group`  SET `name` = '机器人'  WHERE  `tg_groupid` = '-1001723174174' [ RunTime:0.026377s ]
[2022-03-13T16:50:53+08:00][sql] SHOW FULL COLUMNS FROM `cd_user` [ RunTime:0.004515s ]
[2022-03-13T16:50:53+08:00][sql] SELECT * FROM `cd_user` WHERE  `tguid` = '1963216999' LIMIT 1 [ RunTime:0.000706s ]
[2022-03-13T16:50:53+08:00][sql] UPDATE `cd_user`  SET `tgname` = '光耀—陈冠希'  WHERE  `tguid` = '1963216999' [ RunTime:0.026177s ]
[2022-03-13T16:50:53+08:00][sql] SHOW FULL COLUMNS FROM `cd_order` [ RunTime:0.001649s ]
[2022-03-13T16:50:53+08:00][sql] SELECT COUNT(*) AS think_count FROM `cd_order` WHERE  `rltime` BETWEEN 1647100800 AND 1647187199  AND `group_id` = '-1001723174174'  AND `zd` = 0  AND `dj` = 0  AND `rl` = 1 LIMIT 1 [ RunTime:0.000942s ]
[2022-03-13T16:50:53+08:00][sql] SELECT SUM(`amount`) AS think_sum FROM `cd_order` WHERE  `rltime` BETWEEN 1647100800 AND 1647187199  AND `group_id` = '-1001723174174'  AND `zd` = 0  AND `dj` = 0  AND `rl` = 1 LIMIT 1 [ RunTime:0.002898s ]
[2022-03-13T16:50:53+08:00][sql] SELECT COUNT(*) AS think_count FROM `cd_order` WHERE  `rltime` BETWEEN 1647100800 AND 1647187199  AND `group_id` = '-1001723174174'  AND `zd` = 0  AND `dj` = 1  AND `rl` = 1 LIMIT 1 [ RunTime:0.000546s ]
[2022-03-13T16:50:53+08:00][sql] SELECT SUM(`amount`) AS think_sum FROM `cd_order` WHERE  `rltime` BETWEEN 1647100800 AND 1647187199  AND `group_id` = '-1001723174174'  AND `zd` = 0  AND `dj` = 1  AND `rl` = 1 LIMIT 1 [ RunTime:0.000570s ]
[2022-03-13T16:50:53+08:00][sql] SELECT COUNT(*) AS think_count FROM `cd_order` WHERE  `rltime` BETWEEN 1647100800 AND 1647187199  AND `group_id` = '-1001723174174'  AND `zd` = 1  AND `dj` = 0  AND `rl` = 1 LIMIT 1 [ RunTime:0.000682s ]
[2022-03-13T16:50:53+08:00][sql] SELECT SUM(`amount`) AS think_sum FROM `cd_order` WHERE  `rltime` BETWEEN 1647100800 AND 1647187199  AND `group_id` = '-1001723174174'  AND `zd` = 1  AND `dj` = 0  AND `rl` = 1 LIMIT 1 [ RunTime:0.000693s ]
[2022-03-13T16:50:53+08:00][sql] SELECT COUNT(*) AS think_count FROM `cd_order` WHERE  `rltime` BETWEEN 1647100800 AND 1647187199  AND `group_id` = '-1001723174174'  AND `zd` = 1  AND `dj` = 1  AND `rl` = 1 LIMIT 1 [ RunTime:0.000575s ]
[2022-03-13T16:50:53+08:00][sql] SELECT SUM(`amount`) AS think_sum FROM `cd_order` WHERE  `rltime` BETWEEN 1647100800 AND 1647187199  AND `group_id` = '-1001723174174'  AND `zd` = 1  AND `dj` = 1  AND `rl` = 1 LIMIT 1 [ RunTime:0.000653s ]
[2022-03-13T16:50:53+08:00][sql] SELECT * FROM `cd_user` [ RunTime:0.000548s ]
[2022-03-13T16:50:53+08:00][sql] SELECT SUM(`amount`) AS think_sum FROM `cd_order` WHERE  `rltime` BETWEEN 1647100800 AND 1647187199  AND `group_id` = '-1001723174174'  AND `tgid` = '5031658788'  AND `rl` = 1  AND `dj` = 0 LIMIT 1 [ RunTime:0.000722s ]
[2022-03-13T16:50:53+08:00][sql] SELECT SUM(`amount`) AS think_sum FROM `cd_order` WHERE  `rltime` BETWEEN 1647100800 AND 1647187199  AND `group_id` = '-1001723174174'  AND `tgid` = '5031658788'  AND `rl` = 1  AND `dj` = 1 LIMIT 1 [ RunTime:0.000595s ]
[2022-03-13T16:50:53+08:00][sql] SELECT SUM(`amount`) AS think_sum FROM `cd_order` WHERE  `rltime` BETWEEN 1647100800 AND 1647187199  AND `group_id` = '-1001723174174'  AND `tgid` = '1963216999'  AND `rl` = 1  AND `dj` = 0 LIMIT 1 [ RunTime:0.000749s ]
[2022-03-13T16:50:53+08:00][sql] SELECT SUM(`amount`) AS think_sum FROM `cd_order` WHERE  `rltime` BETWEEN 1647100800 AND 1647187199  AND `group_id` = '-1001723174174'  AND `tgid` = '1963216999'  AND `rl` = 1  AND `dj` = 1 LIMIT 1 [ RunTime:0.000489s ]
[2022-03-13T16:50:53+08:00][sql] SELECT SUM(`amount`) AS think_sum FROM `cd_order` WHERE  `rltime` BETWEEN 1647100800 AND 1647187199  AND `group_id` = '-1001723174174'  AND `tgid` = '5242882575'  AND `rl` = 1  AND `dj` = 0 LIMIT 1 [ RunTime:0.000624s ]
[2022-03-13T16:50:53+08:00][sql] SELECT SUM(`amount`) AS think_sum FROM `cd_order` WHERE  `rltime` BETWEEN 1647100800 AND 1647187199  AND `group_id` = '-1001723174174'  AND `tgid` = '5242882575'  AND `rl` = 1  AND `dj` = 1 LIMIT 1 [ RunTime:0.000746s ]
[2022-03-13T16:50:53+08:00][sql] SELECT SUM(`amount`) AS think_sum FROM `cd_order` WHERE  `rltime` BETWEEN 1647100800 AND 1647187199  AND `group_id` = '-1001723174174'  AND `tgid` = '5024888949'  AND `rl` = 1  AND `dj` = 0 LIMIT 1 [ RunTime:0.000764s ]
[2022-03-13T16:50:53+08:00][sql] SELECT SUM(`amount`) AS think_sum FROM `cd_order` WHERE  `rltime` BETWEEN 1647100800 AND 1647187199  AND `group_id` = '-1001723174174'  AND `tgid` = '5024888949'  AND `rl` = 1  AND `dj` = 1 LIMIT 1 [ RunTime:0.000632s ]
[2022-03-13T16:50:53+08:00][sql] SELECT SUM(`amount`) AS think_sum FROM `cd_order` WHERE  `rltime` BETWEEN 1647100800 AND 1647187199  AND `group_id` = '-1001723174174'  AND `tgid` = '2125300408'  AND `rl` = 1  AND `dj` = 0 LIMIT 1 [ RunTime:0.000638s ]
[2022-03-13T16:50:53+08:00][sql] SELECT SUM(`amount`) AS think_sum FROM `cd_order` WHERE  `rltime` BETWEEN 1647100800 AND 1647187199  AND `group_id` = '-1001723174174'  AND `tgid` = '2125300408'  AND `rl` = 1  AND `dj` = 1 LIMIT 1 [ RunTime:0.000723s ]
[2022-03-13T16:50:53+08:00][sql] SHOW FULL COLUMNS FROM `cd_base_config` [ RunTime:0.001313s ]
[2022-03-13T16:50:53+08:00][sql] SELECT * FROM `cd_base_config` WHERE  `name` = 'domain' LIMIT 1 [ RunTime:0.000528s ]
[2022-03-13T16:50:53+08:00][sql] SHOW FULL COLUMNS FROM `cd_robotconfig` [ RunTime:0.000926s ]
[2022-03-13T16:50:53+08:00][sql] SELECT * FROM `cd_robotconfig` WHERE  `name` = 'token' LIMIT 1 [ RunTime:0.000414s ]
[2022-03-13T16:50:56+08:00][sql] CONNECT:[ UseTime:0.000911s ] mysql:host=127.0.0.1;port=3306;dbname=tgtj;charset=utf8
[2022-03-13T16:50:56+08:00][sql] SHOW FULL COLUMNS FROM `cd_group` [ RunTime:0.001611s ]
[2022-03-13T16:50:56+08:00][sql] SELECT * FROM `cd_group` WHERE  `tg_groupid` = '-1001723174174' LIMIT 1 [ RunTime:0.000626s ]
[2022-03-13T16:50:56+08:00][sql] UPDATE `cd_group`  SET `name` = '机器人'  WHERE  `tg_groupid` = '-1001723174174' [ RunTime:0.024544s ]
[2022-03-13T16:50:56+08:00][sql] SHOW FULL COLUMNS FROM `cd_user` [ RunTime:0.001683s ]
[2022-03-13T16:50:56+08:00][sql] SELECT * FROM `cd_user` WHERE  `tguid` = '1963216999' LIMIT 1 [ RunTime:0.000532s ]
[2022-03-13T16:50:56+08:00][sql] UPDATE `cd_user`  SET `tgname` = '光耀—陈冠希'  WHERE  `tguid` = '1963216999' [ RunTime:0.019630s ]
[2022-03-13T16:51:11+08:00][sql] CONNECT:[ UseTime:0.001036s ] mysql:host=127.0.0.1;port=3306;dbname=tgtj;charset=utf8
[2022-03-13T16:51:11+08:00][sql] SHOW FULL COLUMNS FROM `cd_group` [ RunTime:0.001906s ]
[2022-03-13T16:51:11+08:00][sql] SELECT * FROM `cd_group` WHERE  `tg_groupid` = '-1001559712895' LIMIT 1 [ RunTime:0.000595s ]
[2022-03-13T16:51:11+08:00][sql] UPDATE `cd_group`  SET `name` = '机器人'  WHERE  `tg_groupid` = '-1001559712895' [ RunTime:0.019655s ]
[2022-03-13T16:51:11+08:00][sql] SHOW FULL COLUMNS FROM `cd_user` [ RunTime:0.001208s ]
[2022-03-13T16:51:11+08:00][sql] SELECT * FROM `cd_user` WHERE  `tguid` = '5024888949' LIMIT 1 [ RunTime:0.000404s ]
[2022-03-13T16:51:11+08:00][sql] UPDATE `cd_user`  SET `tgname` = 'dssss'  WHERE  `tguid` = '5024888949' [ RunTime:0.024517s ]
[2022-03-13T16:51:19+08:00][sql] CONNECT:[ UseTime:0.000741s ] mysql:host=127.0.0.1;port=3306;dbname=tgtj;charset=utf8
[2022-03-13T16:51:19+08:00][sql] SHOW FULL COLUMNS FROM `cd_group` [ RunTime:0.001183s ]
[2022-03-13T16:51:19+08:00][sql] SELECT * FROM `cd_group` WHERE  `tg_groupid` = '-1001559712895' LIMIT 1 [ RunTime:0.000416s ]
[2022-03-13T16:51:19+08:00][sql] UPDATE `cd_group`  SET `name` = '机器人'  WHERE  `tg_groupid` = '-1001559712895' [ RunTime:0.027987s ]
[2022-03-13T16:51:19+08:00][sql] SHOW FULL COLUMNS FROM `cd_user` [ RunTime:0.001315s ]
[2022-03-13T16:51:19+08:00][sql] SELECT * FROM `cd_user` WHERE  `tguid` = '5024888949' LIMIT 1 [ RunTime:0.000465s ]
[2022-03-13T16:51:19+08:00][sql] UPDATE `cd_user`  SET `tgname` = 'dssss'  WHERE  `tguid` = '5024888949' [ RunTime:0.022679s ]
[2022-03-13T16:51:23+08:00][sql] CONNECT:[ UseTime:0.000992s ] mysql:host=127.0.0.1;port=3306;dbname=tgtj;charset=utf8
[2022-03-13T16:51:23+08:00][sql] SHOW FULL COLUMNS FROM `cd_group` [ RunTime:0.001424s ]
[2022-03-13T16:51:23+08:00][sql] SELECT * FROM `cd_group` WHERE  `tg_groupid` = '-1001559712895' LIMIT 1 [ RunTime:0.000508s ]
[2022-03-13T16:51:23+08:00][sql] UPDATE `cd_group`  SET `name` = '机器人'  WHERE  `tg_groupid` = '-1001559712895' [ RunTime:0.024370s ]
[2022-03-13T16:51:23+08:00][sql] SHOW FULL COLUMNS FROM `cd_user` [ RunTime:0.001237s ]
[2022-03-13T16:51:23+08:00][sql] SELECT * FROM `cd_user` WHERE  `tguid` = '5024888949' LIMIT 1 [ RunTime:0.000505s ]
[2022-03-13T16:51:23+08:00][sql] UPDATE `cd_user`  SET `tgname` = 'dssss'  WHERE  `tguid` = '5024888949' [ RunTime:0.030767s ]
[2022-03-13T16:51:26+08:00][sql] CONNECT:[ UseTime:0.001928s ] mysql:host=127.0.0.1;port=3306;dbname=tgtj;charset=utf8
[2022-03-13T16:51:26+08:00][sql] SHOW FULL COLUMNS FROM `cd_group` [ RunTime:0.001251s ]
[2022-03-13T16:51:26+08:00][sql] SELECT * FROM `cd_group` WHERE  `tg_groupid` = '-1001559712895' LIMIT 1 [ RunTime:0.000530s ]
[2022-03-13T16:51:26+08:00][sql] UPDATE `cd_group`  SET `name` = '机器人'  WHERE  `tg_groupid` = '-1001559712895' [ RunTime:0.026173s ]
[2022-03-13T16:51:26+08:00][sql] SHOW FULL COLUMNS FROM `cd_user` [ RunTime:0.001676s ]
[2022-03-13T16:51:26+08:00][sql] SELECT * FROM `cd_user` WHERE  `tguid` = '5024888949' LIMIT 1 [ RunTime:0.000511s ]
[2022-03-13T16:51:26+08:00][sql] UPDATE `cd_user`  SET `tgname` = 'dssss'  WHERE  `tguid` = '5024888949' [ RunTime:0.024523s ]
[2022-03-13T16:51:33+08:00][sql] CONNECT:[ UseTime:0.000859s ] mysql:host=127.0.0.1;port=3306;dbname=tgtj;charset=utf8
[2022-03-13T16:51:33+08:00][sql] SHOW FULL COLUMNS FROM `cd_group` [ RunTime:0.001264s ]
[2022-03-13T16:51:33+08:00][sql] SELECT * FROM `cd_group` WHERE  `tg_groupid` = '-1001723174174' LIMIT 1 [ RunTime:0.000728s ]
[2022-03-13T16:51:33+08:00][sql] UPDATE `cd_group`  SET `name` = '机器人'  WHERE  `tg_groupid` = '-1001723174174' [ RunTime:0.032310s ]
[2022-03-13T16:51:33+08:00][sql] SHOW FULL COLUMNS FROM `cd_user` [ RunTime:0.002283s ]
[2022-03-13T16:51:33+08:00][sql] SELECT * FROM `cd_user` WHERE  `tguid` = '5031658788' LIMIT 1 [ RunTime:0.000566s ]
[2022-03-13T16:51:33+08:00][sql] UPDATE `cd_user`  SET `tgname` = 'TYGC'  WHERE  `tguid` = '5031658788' [ RunTime:0.023759s ]
